#
# There is insufficient memory for the Java Runtime Environment to continue.
# Native memory allocation (malloc) failed to allocate 131088 bytes for Chunk::new
# Possible reasons:
#   The system is out of physical RAM or swap space
#   The process is running with CompressedOops enabled, and the Java Heap may be blocking the growth of the native heap
# Possible solutions:
#   Reduce memory load on the system
#   Increase physical memory or swap space
#   Check if swap backing store is full
#   Decrease Java heap size (-Xmx/-Xms)
#   Decrease number of Java threads
#   Decrease Java thread stack sizes (-Xss)
#   Set larger code cache with -XX:ReservedCodeCacheSize=
#   JVM is running with Unscaled Compressed Oops mode in which the Java heap is
#     placed in the first 4GB address space. The Java Heap base address is the
#     maximum limit for the native heap growth. Please use -XX:HeapBaseMinAddress
#     to set the Java Heap base and to place the Java Heap above 4GB virtual address.
# This output file may be truncated or incomplete.
#
#  Out of Memory Error (arena.cpp:189), pid=5720, tid=12548
#
# JRE version: OpenJDK Runtime Environment Temurin-17.0.3+7 (17.0.3+7) (build 17.0.3+7)
# Java VM: OpenJDK 64-Bit Server VM Temurin-17.0.3+7 (17.0.3+7, mixed mode, sharing, tiered, compressed oops, compressed class ptrs, g1 gc, windows-amd64)
# No core dump will be written. Minidumps are not enabled by default on client versions of Windows
#

---------------  S U M M A R Y ------------

Command Line: -XX:MaxMetaspaceSize=512m --add-opens=java.base/java.util=ALL-UNNAMED --add-opens=java.base/java.lang=ALL-UNNAMED --add-opens=java.base/java.lang.invoke=ALL-UNNAMED --add-opens=java.prefs/java.util.prefs=ALL-UNNAMED --add-exports=jdk.compiler/com.sun.tools.javac.api=ALL-UNNAMED --add-exports=jdk.compiler/com.sun.tools.javac.util=ALL-UNNAMED --add-opens=java.base/java.nio.charset=ALL-UNNAMED --add-opens=java.base/java.net=ALL-UNNAMED --add-opens=java.base/java.util.concurrent.atomic=ALL-UNNAMED -Xmx2048m -Dfile.encoding=utf8 -Duser.country=IN -Duser.language=en -Duser.variant -javaagent:C:\Users\hp\.gradle\wrapper\dists\gradle-8.10.2-all\7iv73wktx1xtkvlq19urqw1wm\gradle-8.10.2\lib\agents\gradle-instrumentation-agent-8.10.2.jar org.gradle.launcher.daemon.bootstrap.GradleDaemon 8.10.2

Host: AMD Ryzen 5 5600H with Radeon Graphics         , 12 cores, 7G,  Windows 11 , 64 bit Build 22621 (10.0.22621.5124)
Time: Sun Apr 20 12:17:10 2025 India Standard Time elapsed time: 16.594968 seconds (0d 0h 0m 16s)

---------------  T H R E A D  ---------------

Current thread (0x0000022a2083a690):  JavaThread "C2 CompilerThread0" daemon [_thread_in_native, id=12548, stack(0x000000f316d00000,0x000000f316e00000)]


Current CompileTask:
C2:  16595 6754       4       java.io.ObjectOutputStream::writeClassDesc (60 bytes)

Stack: [0x000000f316d00000,0x000000f316e00000]
Native frames: (J=compiled Java code, j=interpreted, Vv=VM code, C=native code)
V  [jvm.dll+0x675efa]
V  [jvm.dll+0x830a24]
V  [jvm.dll+0x8321ce]
V  [jvm.dll+0x832833]
V  [jvm.dll+0x2454b5]
V  [jvm.dll+0xabd7b]
V  [jvm.dll+0xac30c]
V  [jvm.dll+0xabe8b]
V  [jvm.dll+0x6535dc]
V  [jvm.dll+0x56966d]
V  [jvm.dll+0x56912c]
V  [jvm.dll+0x56c584]
V  [jvm.dll+0x56c453]
V  [jvm.dll+0x56b80e]
V  [jvm.dll+0x56b7d5]
V  [jvm.dll+0x56b821]
V  [jvm.dll+0x56b821]
V  [jvm.dll+0x56b821]
V  [jvm.dll+0x57d548]
V  [jvm.dll+0x22056d]
V  [jvm.dll+0x219e62]
V  [jvm.dll+0x21767b]
V  [jvm.dll+0x1a3ccd]
V  [jvm.dll+0x227178]
V  [jvm.dll+0x2252bc]
V  [jvm.dll+0x7e673b]
V  [jvm.dll+0x7e0cfa]
V  [jvm.dll+0x674d85]
C  [ucrtbase.dll+0x29333]
C  [KERNEL32.DLL+0x1259d]
C  [ntdll.dll+0x5af38]


---------------  P R O C E S S  ---------------

Threads class SMR info:
_java_thread_list=0x0000022a21931830, length=84, elements={
0x0000022a01fdf270, 0x0000022a20817c80, 0x0000022a20818f00, 0x0000022a208314f0,
0x0000022a20833eb0, 0x0000022a20834860, 0x0000022a20836220, 0x0000022a2083a690,
0x0000022a20842fa0, 0x0000022a20846180, 0x0000022a20806030, 0x0000022a2154a0c0,
0x0000022a228d6030, 0x0000022a226894e0, 0x0000022a21caf140, 0x0000022a22378020,
0x0000022a22193ec0, 0x0000022a22a88650, 0x0000022a22686f30, 0x0000022a226860c0,
0x0000022a226878d0, 0x0000022a22686a60, 0x0000022a22687400, 0x0000022a22686590,
0x0000022a232bb0a0, 0x0000022a232b5060, 0x0000022a232b8a20, 0x0000022a232b5a00,
0x0000022a232b63a0, 0x0000022a232bb570, 0x0000022a232b7210, 0x0000022a232bba40,
0x0000022a232bc8b0, 0x0000022a232bbf10, 0x0000022a232b9d60, 0x0000022a232b6870,
0x0000022a232ba230, 0x0000022a232b8550, 0x0000022a232ba700, 0x0000022a232b6d40,
0x0000022a232bc3e0, 0x0000022a232b76e0, 0x0000022a232babd0, 0x0000022a25b53680,
0x0000022a25b53b50, 0x0000022a25b55d00, 0x0000022a25b55830, 0x0000022a25b54020,
0x0000022a25b544f0, 0x0000022a25b549c0, 0x0000022a25b52ce0, 0x0000022a25b55360,
0x0000022a25b54e90, 0x0000022a25b561d0, 0x0000022a25b52810, 0x0000022a277623f0,
0x0000022a2775cd50, 0x0000022a2775d220, 0x0000022a2775d6f0, 0x0000022a2775dbc0,
0x0000022a2775fd70, 0x0000022a23bc4f60, 0x0000022a2775e090, 0x0000022a2775e560,
0x0000022a277628c0, 0x0000022a2775ea30, 0x0000022a2775ef00, 0x0000022a27760240,
0x0000022a2775f8a0, 0x0000022a27760710, 0x0000022a27760be0, 0x0000022a2775f3d0,
0x0000022a2775c3b0, 0x0000022a277610b0, 0x0000022a27761580, 0x0000022a27761a50,
0x0000022a27761f20, 0x0000022a27762d90, 0x0000022a2775bee0, 0x0000022a27763260,
0x0000022a2775c880, 0x0000022a2775ba10, 0x0000022a225ea430, 0x0000022a225ed450
}

Java Threads: ( => current thread )
  0x0000022a01fdf270 JavaThread "main" [_thread_blocked, id=4084, stack(0x000000f316000000,0x000000f316100000)]
  0x0000022a20817c80 JavaThread "Reference Handler" daemon [_thread_blocked, id=9608, stack(0x000000f316700000,0x000000f316800000)]
  0x0000022a20818f00 JavaThread "Finalizer" daemon [_thread_blocked, id=2124, stack(0x000000f316800000,0x000000f316900000)]
  0x0000022a208314f0 JavaThread "Signal Dispatcher" daemon [_thread_blocked, id=17172, stack(0x000000f316900000,0x000000f316a00000)]
  0x0000022a20833eb0 JavaThread "Attach Listener" daemon [_thread_blocked, id=15956, stack(0x000000f316a00000,0x000000f316b00000)]
  0x0000022a20834860 JavaThread "Service Thread" daemon [_thread_blocked, id=21708, stack(0x000000f316b00000,0x000000f316c00000)]
  0x0000022a20836220 JavaThread "Monitor Deflation Thread" daemon [_thread_blocked, id=9640, stack(0x000000f316c00000,0x000000f316d00000)]
=>0x0000022a2083a690 JavaThread "C2 CompilerThread0" daemon [_thread_in_native, id=12548, stack(0x000000f316d00000,0x000000f316e00000)]
  0x0000022a20842fa0 JavaThread "C1 CompilerThread0" daemon [_thread_in_native, id=9420, stack(0x000000f316e00000,0x000000f316f00000)]
  0x0000022a20846180 JavaThread "Sweeper thread" daemon [_thread_blocked, id=5008, stack(0x000000f316f00000,0x000000f317000000)]
  0x0000022a20806030 JavaThread "Common-Cleaner" daemon [_thread_blocked, id=22288, stack(0x000000f317000000,0x000000f317100000)]
  0x0000022a2154a0c0 JavaThread "Notification Thread" daemon [_thread_blocked, id=18480, stack(0x000000f317100000,0x000000f317200000)]
  0x0000022a228d6030 JavaThread "Daemon health stats" [_thread_blocked, id=7104, stack(0x000000f317700000,0x000000f317800000)]
  0x0000022a226894e0 JavaThread "Incoming local TCP Connector on port 50958" [_thread_in_native, id=23260, stack(0x000000f317800000,0x000000f317900000)]
  0x0000022a21caf140 JavaThread "Daemon periodic checks" [_thread_blocked, id=18932, stack(0x000000f317900000,0x000000f317a00000)]
  0x0000022a22378020 JavaThread "Daemon" [_thread_blocked, id=3056, stack(0x000000f317a00000,0x000000f317b00000)]
  0x0000022a22193ec0 JavaThread "Handler for socket connection from /127.0.0.1:50958 to /127.0.0.1:50959" [_thread_in_native, id=12176, stack(0x000000f317b00000,0x000000f317c00000)]
  0x0000022a22a88650 JavaThread "Cancel handler" [_thread_blocked, id=21552, stack(0x000000f317c00000,0x000000f317d00000)]
  0x0000022a22686f30 JavaThread "Daemon worker" [_thread_in_Java, id=22576, stack(0x000000f317d00000,0x000000f317e00000)]
  0x0000022a226860c0 JavaThread "Asynchronous log dispatcher for DefaultDaemonConnection: socket connection from /127.0.0.1:50958 to /127.0.0.1:50959" [_thread_blocked, id=10196, stack(0x000000f317e00000,0x000000f317f00000)]
  0x0000022a226878d0 JavaThread "Stdin handler" [_thread_blocked, id=20384, stack(0x000000f317f00000,0x000000f318000000)]
  0x0000022a22686a60 JavaThread "Daemon client event forwarder" [_thread_in_Java, id=22892, stack(0x000000f318000000,0x000000f318100000)]
  0x0000022a22687400 JavaThread "Cache worker for journal cache (C:\Users\hp\.gradle\caches\journal-1)" [_thread_blocked, id=22940, stack(0x000000f318100000,0x000000f318200000)]
  0x0000022a22686590 JavaThread "File lock request listener" [_thread_in_native, id=2872, stack(0x000000f318200000,0x000000f318300000)]
  0x0000022a232bb0a0 JavaThread "Cache worker for file hash cache (C:\Users\hp\.gradle\caches\8.10.2\fileHashes)" [_thread_in_Java, id=22040, stack(0x000000f318300000,0x000000f318400000)]
  0x0000022a232b5060 JavaThread "Cache worker for file hash cache (D:\real-estate\real-estate-app\android\.gradle\8.10.2\fileHashes)" [_thread_blocked, id=20444, stack(0x000000f318a00000,0x000000f318b00000)]
  0x0000022a232b8a20 JavaThread "Cache worker for Build Output Cleanup Cache (D:\real-estate\real-estate-app\android\.gradle\buildOutputCleanup)" [_thread_blocked, id=22764, stack(0x000000f318b00000,0x000000f318c00000)]
  0x0000022a232b5a00 JavaThread "File watcher server" daemon [_thread_in_native, id=18052, stack(0x000000f318e00000,0x000000f318f00000)]
  0x0000022a232b63a0 JavaThread "File watcher consumer" daemon [_thread_blocked, id=19312, stack(0x000000f318f00000,0x000000f319000000)]
  0x0000022a232bb570 JavaThread "jar transforms" [_thread_blocked, id=19416, stack(0x000000f319000000,0x000000f319100000)]
  0x0000022a232b7210 JavaThread "jar transforms Thread 2" [_thread_blocked, id=12868, stack(0x000000f319100000,0x000000f319200000)]
  0x0000022a232bba40 JavaThread "jar transforms Thread 3" [_thread_blocked, id=8960, stack(0x000000f319200000,0x000000f319300000)]
  0x0000022a232bc8b0 JavaThread "Cache worker for checksums cache (D:\real-estate\real-estate-app\android\.gradle\8.10.2\checksums)" [_thread_blocked, id=21512, stack(0x000000f319300000,0x000000f319400000)]
  0x0000022a232bbf10 JavaThread "Cache worker for file content cache (C:\Users\hp\.gradle\caches\8.10.2\fileContent)" [_thread_blocked, id=2452, stack(0x000000f319400000,0x000000f319500000)]
  0x0000022a232b9d60 JavaThread "Cache worker for cache directory md-rule (C:\Users\hp\.gradle\caches\8.10.2\md-rule)" [_thread_blocked, id=11228, stack(0x000000f319500000,0x000000f319600000)]
  0x0000022a232b6870 JavaThread "Cache worker for cache directory md-supplier (C:\Users\hp\.gradle\caches\8.10.2\md-supplier)" [_thread_blocked, id=4976, stack(0x000000f319600000,0x000000f319700000)]
  0x0000022a232ba230 JavaThread "jar transforms Thread 4" [_thread_blocked, id=22280, stack(0x000000f319700000,0x000000f319800000)]
  0x0000022a232b8550 JavaThread "jar transforms Thread 5" [_thread_blocked, id=6388, stack(0x000000f319800000,0x000000f319900000)]
  0x0000022a232ba700 JavaThread "jar transforms Thread 6" [_thread_blocked, id=7580, stack(0x000000f319900000,0x000000f319a00000)]
  0x0000022a232b6d40 JavaThread "jar transforms Thread 7" [_thread_blocked, id=18604, stack(0x000000f319a00000,0x000000f319b00000)]
  0x0000022a232bc3e0 JavaThread "jar transforms Thread 8" [_thread_blocked, id=23312, stack(0x000000f319b00000,0x000000f319c00000)]
  0x0000022a232b76e0 JavaThread "jar transforms Thread 9" [_thread_blocked, id=17440, stack(0x000000f319c00000,0x000000f319d00000)]
  0x0000022a232babd0 JavaThread "jar transforms Thread 10" [_thread_blocked, id=23492, stack(0x000000f319d00000,0x000000f319e00000)]
  0x0000022a25b53680 JavaThread "Cache worker for Build Output Cleanup Cache (D:\real-estate\real-estate-app\node_modules\@react-native\gradle-plugin\.gradle\buildOutputCleanup)" [_thread_blocked, id=10688, stack(0x000000f318900000,0x000000f318a00000)]
  0x0000022a25b53b50 JavaThread "Unconstrained build operations" [_thread_blocked, id=19596, stack(0x000000f319e00000,0x000000f319f00000)]
  0x0000022a25b55d00 JavaThread "Unconstrained build operations Thread 2" [_thread_blocked, id=12464, stack(0x000000f319f00000,0x000000f31a000000)]
  0x0000022a25b55830 JavaThread "Unconstrained build operations Thread 3" [_thread_blocked, id=7052, stack(0x000000f31a000000,0x000000f31a100000)]
  0x0000022a25b54020 JavaThread "Unconstrained build operations Thread 4" [_thread_blocked, id=7892, stack(0x000000f31a100000,0x000000f31a200000)]
  0x0000022a25b544f0 JavaThread "Unconstrained build operations Thread 5" [_thread_blocked, id=16892, stack(0x000000f31a200000,0x000000f31a300000)]
  0x0000022a25b549c0 JavaThread "Unconstrained build operations Thread 6" [_thread_blocked, id=23228, stack(0x000000f31a300000,0x000000f31a400000)]
  0x0000022a25b52ce0 JavaThread "Unconstrained build operations Thread 7" [_thread_blocked, id=11060, stack(0x000000f31a400000,0x000000f31a500000)]
  0x0000022a25b55360 JavaThread "Unconstrained build operations Thread 8" [_thread_blocked, id=23100, stack(0x000000f31a500000,0x000000f31a600000)]
  0x0000022a25b54e90 JavaThread "Unconstrained build operations Thread 9" [_thread_blocked, id=16076, stack(0x000000f31a600000,0x000000f31a700000)]
  0x0000022a25b561d0 JavaThread "Unconstrained build operations Thread 10" [_thread_blocked, id=16068, stack(0x000000f31a700000,0x000000f31a800000)]
  0x0000022a25b52810 JavaThread "Unconstrained build operations Thread 11" [_thread_blocked, id=18300, stack(0x000000f31a800000,0x000000f31a900000)]
  0x0000022a277623f0 JavaThread "Unconstrained build operations Thread 12" [_thread_blocked, id=12632, stack(0x000000f31a900000,0x000000f31aa00000)]
  0x0000022a2775cd50 JavaThread "Unconstrained build operations Thread 13" [_thread_blocked, id=1156, stack(0x000000f31aa00000,0x000000f31ab00000)]
  0x0000022a2775d220 JavaThread "Unconstrained build operations Thread 14" [_thread_blocked, id=21892, stack(0x000000f31ab00000,0x000000f31ac00000)]
  0x0000022a2775d6f0 JavaThread "Unconstrained build operations Thread 15" [_thread_blocked, id=13380, stack(0x000000f31ac00000,0x000000f31ad00000)]
  0x0000022a2775dbc0 JavaThread "Unconstrained build operations Thread 16" [_thread_blocked, id=22876, stack(0x000000f31ad00000,0x000000f31ae00000)]
  0x0000022a2775fd70 JavaThread "Unconstrained build operations Thread 17" [_thread_blocked, id=13256, stack(0x000000f31ae00000,0x000000f31af00000)]
  0x0000022a23bc4f60 JavaThread "C2 CompilerThread1" daemon [_thread_in_native, id=12152, stack(0x000000f31af00000,0x000000f31b000000)]
  0x0000022a2775e090 JavaThread "Unconstrained build operations Thread 18" [_thread_blocked, id=6416, stack(0x000000f31b000000,0x000000f31b100000)]
  0x0000022a2775e560 JavaThread "Unconstrained build operations Thread 19" [_thread_blocked, id=10036, stack(0x000000f31b100000,0x000000f31b200000)]
  0x0000022a277628c0 JavaThread "Unconstrained build operations Thread 20" [_thread_blocked, id=23456, stack(0x000000f31b200000,0x000000f31b300000)]
  0x0000022a2775ea30 JavaThread "Unconstrained build operations Thread 21" [_thread_blocked, id=22148, stack(0x000000f31b300000,0x000000f31b400000)]
  0x0000022a2775ef00 JavaThread "Unconstrained build operations Thread 22" [_thread_blocked, id=12068, stack(0x000000f31b400000,0x000000f31b500000)]
  0x0000022a27760240 JavaThread "Unconstrained build operations Thread 23" [_thread_blocked, id=4864, stack(0x000000f31b500000,0x000000f31b600000)]
  0x0000022a2775f8a0 JavaThread "Unconstrained build operations Thread 24" [_thread_blocked, id=6456, stack(0x000000f31b600000,0x000000f31b700000)]
  0x0000022a27760710 JavaThread "Unconstrained build operations Thread 25" [_thread_blocked, id=7856, stack(0x000000f31b700000,0x000000f31b800000)]
  0x0000022a27760be0 JavaThread "Unconstrained build operations Thread 26" [_thread_blocked, id=22476, stack(0x000000f31b800000,0x000000f31b900000)]
  0x0000022a2775f3d0 JavaThread "Unconstrained build operations Thread 27" [_thread_blocked, id=18628, stack(0x000000f31b900000,0x000000f31ba00000)]
  0x0000022a2775c3b0 JavaThread "Unconstrained build operations Thread 28" [_thread_blocked, id=22704, stack(0x000000f31ba00000,0x000000f31bb00000)]
  0x0000022a277610b0 JavaThread "Unconstrained build operations Thread 29" [_thread_in_native, id=21908, stack(0x000000f31bb00000,0x000000f31bc00000)]
  0x0000022a27761580 JavaThread "Unconstrained build operations Thread 30" [_thread_in_native, id=5960, stack(0x000000f31bc00000,0x000000f31bd00000)]
  0x0000022a27761a50 JavaThread "Unconstrained build operations Thread 31" [_thread_in_Java, id=23144, stack(0x000000f31bd00000,0x000000f31be00000)]
  0x0000022a27761f20 JavaThread "Unconstrained build operations Thread 32" [_thread_in_native, id=4832, stack(0x000000f31be00000,0x000000f31bf00000)]
  0x0000022a27762d90 JavaThread "Unconstrained build operations Thread 33" [_thread_in_native, id=15252, stack(0x000000f31bf00000,0x000000f31c000000)]
  0x0000022a2775bee0 JavaThread "Unconstrained build operations Thread 34" [_thread_in_native, id=6932, stack(0x000000f31c000000,0x000000f31c100000)]
  0x0000022a27763260 JavaThread "Unconstrained build operations Thread 35" [_thread_in_vm, id=17868, stack(0x000000f31c100000,0x000000f31c200000)]
  0x0000022a2775c880 JavaThread "Unconstrained build operations Thread 36" [_thread_in_native, id=21716, stack(0x000000f31c200000,0x000000f31c300000)]
  0x0000022a2775ba10 JavaThread "Unconstrained build operations Thread 37" [_thread_in_native, id=21816, stack(0x000000f31c300000,0x000000f31c400000)]
  0x0000022a225ea430 JavaThread "Unconstrained build operations Thread 38" [_thread_in_native, id=22620, stack(0x000000f31c400000,0x000000f31c500000)]
  0x0000022a225ed450 JavaThread "Unconstrained build operations Thread 39" [_thread_in_native, id=23296, stack(0x000000f31c500000,0x000000f31c600000)]

Other Threads:
  0x0000022a208154e0 VMThread "VM Thread" [stack: 0x000000f316600000,0x000000f316700000] [id=8864]
  0x0000022a02059a40 WatcherThread [stack: 0x000000f317200000,0x000000f317300000] [id=10312]
  0x0000022a02038330 GCTaskThread "GC Thread#0" [stack: 0x000000f316100000,0x000000f316200000] [id=8968]
  0x0000022a21a94b60 GCTaskThread "GC Thread#1" [stack: 0x000000f317300000,0x000000f317400000] [id=20476]
  0x0000022a21a12e60 GCTaskThread "GC Thread#2" [stack: 0x000000f317400000,0x000000f317500000] [id=20360]
  0x0000022a21dbc910 GCTaskThread "GC Thread#3" [stack: 0x000000f317500000,0x000000f317600000] [id=17600]
  0x0000022a220d0560 GCTaskThread "GC Thread#4" [stack: 0x000000f317600000,0x000000f317700000] [id=18004]
  0x0000022a22505d40 GCTaskThread "GC Thread#5" [stack: 0x000000f318400000,0x000000f318500000] [id=22708]
  0x0000022a22505ff0 GCTaskThread "GC Thread#6" [stack: 0x000000f318500000,0x000000f318600000] [id=2472]
  0x0000022a23697090 GCTaskThread "GC Thread#7" [stack: 0x000000f318600000,0x000000f318700000] [id=23084]
  0x0000022a23697b50 GCTaskThread "GC Thread#8" [stack: 0x000000f318700000,0x000000f318800000] [id=8016]
  0x0000022a23698b70 GCTaskThread "GC Thread#9" [stack: 0x000000f318800000,0x000000f318900000] [id=22716]
  0x0000022a02049270 ConcurrentGCThread "G1 Main Marker" [stack: 0x000000f316200000,0x000000f316300000] [id=22436]
  0x0000022a0204a420 ConcurrentGCThread "G1 Conc#0" [stack: 0x000000f316300000,0x000000f316400000] [id=13968]
  0x0000022a236980b0 ConcurrentGCThread "G1 Conc#1" [stack: 0x000000f318c00000,0x000000f318d00000] [id=17184]
  0x0000022a23698360 ConcurrentGCThread "G1 Conc#2" [stack: 0x000000f318d00000,0x000000f318e00000] [id=12388]
  0x0000022a206d20c0 ConcurrentGCThread "G1 Refine#0" [stack: 0x000000f316400000,0x000000f316500000] [id=1860]
  0x0000022a206d2ae0 ConcurrentGCThread "G1 Service" [stack: 0x000000f316500000,0x000000f316600000] [id=11760]

Threads with active compile tasks:
C2 CompilerThread0    16668 6754       4       java.io.ObjectOutputStream::writeClassDesc (60 bytes)
C1 CompilerThread0    16669 6925       3       java.util.concurrent.FutureTask::<init> (27 bytes)
C2 CompilerThread1    16669 6829       4       org.gradle.internal.snapshot.ChildMap$Entry::handleAncestorDescendantOrExactMatch (110 bytes)

VM state: not at safepoint (normal execution)

VM Mutex/Monitor currently owned by a thread:  ([mutex/lock_event])
[0x0000022a01fd82d0] MethodCompileQueue_lock - owner thread: 0x0000000000000000

Heap address: 0x0000000080000000, size: 2048 MB, Compressed Oops mode: 32-bit

CDS archive(s) mapped at: [0x0000000800000000-0x0000000800bc0000-0x0000000800bc0000), size 12320768, SharedBaseAddress: 0x0000000800000000, ArchiveRelocationMode: 0.
Compressed class space mapped at: 0x0000000800c00000-0x000000081a800000, reserved size: 432013312
Narrow klass base: 0x0000000800000000, Narrow klass shift: 0, Narrow klass range: 0x100000000

GC Precious Log:
 CPUs: 12 total, 12 available
 Memory: 7521M
 Large Page Support: Disabled
 NUMA Support: Disabled
 Compressed Oops: Enabled (32-bit)
 Heap Region Size: 1M
 Heap Min Capacity: 8M
 Heap Initial Capacity: 118M
 Heap Max Capacity: 2G
 Pre-touch: Disabled
 Parallel Workers: 10
 Concurrent Workers: 3
 Concurrent Refinement Workers: 10
 Periodic GC: Disabled

Heap:
 garbage-first heap   total 92160K, used 64561K [0x0000000080000000, 0x0000000100000000)
  region size 1024K, 22 young (22528K), 4 survivors (4096K)
 Metaspace       used 59079K, committed 59776K, reserved 479232K
  class space    used 8248K, committed 8576K, reserved 421888K

Heap Regions: E=young(eden), S=young(survivor), O=old, HS=humongous(starts), HC=humongous(continues), CS=collection set, F=free, OA=open archive, CA=closed archive, TAMS=top-at-mark-start (previous, next)
|   0|0x0000000080000000, 0x0000000080100000, 0x0000000080100000|100%| O|  |TAMS 0x0000000080100000, 0x0000000080000000| Untracked 
|   1|0x0000000080100000, 0x0000000080200000, 0x0000000080200000|100%| O|  |TAMS 0x0000000080200000, 0x0000000080100000| Untracked 
|   2|0x0000000080200000, 0x0000000080300000, 0x0000000080300000|100%| O|  |TAMS 0x0000000080300000, 0x0000000080200000| Untracked 
|   3|0x0000000080300000, 0x0000000080400000, 0x0000000080400000|100%|HS|  |TAMS 0x0000000080400000, 0x0000000080300000| Complete 
|   4|0x0000000080400000, 0x0000000080500000, 0x0000000080500000|100%|HC|  |TAMS 0x0000000080500000, 0x0000000080400000| Complete 
|   5|0x0000000080500000, 0x0000000080600000, 0x0000000080600000|100%|HC|  |TAMS 0x0000000080600000, 0x0000000080500000| Complete 
|   6|0x0000000080600000, 0x0000000080700000, 0x0000000080700000|100%|HC|  |TAMS 0x0000000080700000, 0x0000000080600000| Complete 
|   7|0x0000000080700000, 0x0000000080800000, 0x0000000080800000|100%|HS|  |TAMS 0x0000000080800000, 0x0000000080700000| Complete 
|   8|0x0000000080800000, 0x0000000080900000, 0x0000000080900000|100%| O|  |TAMS 0x0000000080900000, 0x0000000080800000| Untracked 
|   9|0x0000000080900000, 0x0000000080a00000, 0x0000000080a00000|100%| O|  |TAMS 0x0000000080a00000, 0x0000000080900000| Untracked 
|  10|0x0000000080a00000, 0x0000000080b00000, 0x0000000080b00000|100%| O|  |TAMS 0x0000000080b00000, 0x0000000080a00000| Untracked 
|  11|0x0000000080b00000, 0x0000000080c00000, 0x0000000080c00000|100%| O|  |TAMS 0x0000000080c00000, 0x0000000080b00000| Untracked 
|  12|0x0000000080c00000, 0x0000000080d00000, 0x0000000080d00000|100%| O|  |TAMS 0x0000000080d00000, 0x0000000080c00000| Untracked 
|  13|0x0000000080d00000, 0x0000000080e00000, 0x0000000080e00000|100%| O|  |TAMS 0x0000000080e00000, 0x0000000080d00000| Untracked 
|  14|0x0000000080e00000, 0x0000000080f00000, 0x0000000080f00000|100%| O|  |TAMS 0x0000000080f00000, 0x0000000080e00000| Untracked 
|  15|0x0000000080f00000, 0x0000000081000000, 0x0000000081000000|100%| O|  |TAMS 0x0000000081000000, 0x0000000080f00000| Untracked 
|  16|0x0000000081000000, 0x0000000081100000, 0x0000000081100000|100%| O|  |TAMS 0x0000000081100000, 0x0000000081000000| Untracked 
|  17|0x0000000081100000, 0x0000000081200000, 0x0000000081200000|100%| O|  |TAMS 0x0000000081200000, 0x0000000081100000| Untracked 
|  18|0x0000000081200000, 0x0000000081300000, 0x0000000081300000|100%| O|  |TAMS 0x0000000081300000, 0x0000000081200000| Untracked 
|  19|0x0000000081300000, 0x0000000081400000, 0x0000000081400000|100%| O|  |TAMS 0x0000000081400000, 0x0000000081300000| Untracked 
|  20|0x0000000081400000, 0x0000000081500000, 0x0000000081500000|100%| O|  |TAMS 0x0000000081500000, 0x0000000081400000| Untracked 
|  21|0x0000000081500000, 0x00000000815c6400, 0x0000000081600000| 77%| O|  |TAMS 0x00000000815c6400, 0x0000000081500000| Untracked 
|  22|0x0000000081600000, 0x0000000081700000, 0x0000000081700000|100%| O|  |TAMS 0x0000000081700000, 0x0000000081600000| Untracked 
|  23|0x0000000081700000, 0x0000000081800000, 0x0000000081800000|100%| O|  |TAMS 0x0000000081800000, 0x0000000081700000| Untracked 
|  24|0x0000000081800000, 0x0000000081900000, 0x0000000081900000|100%| O|  |TAMS 0x0000000081900000, 0x0000000081800000| Untracked 
|  25|0x0000000081900000, 0x0000000081a00000, 0x0000000081a00000|100%| O|  |TAMS 0x0000000081a00000, 0x0000000081900000| Untracked 
|  26|0x0000000081a00000, 0x0000000081b00000, 0x0000000081b00000|100%| O|  |TAMS 0x0000000081b00000, 0x0000000081a00000| Untracked 
|  27|0x0000000081b00000, 0x0000000081c00000, 0x0000000081c00000|100%| O|  |TAMS 0x0000000081c00000, 0x0000000081b00000| Untracked 
|  28|0x0000000081c00000, 0x0000000081d00000, 0x0000000081d00000|100%| O|  |TAMS 0x0000000081d00000, 0x0000000081c00000| Untracked 
|  29|0x0000000081d00000, 0x0000000081e00000, 0x0000000081e00000|100%| O|  |TAMS 0x0000000081e00000, 0x0000000081d00000| Untracked 
|  30|0x0000000081e00000, 0x0000000081f00000, 0x0000000081f00000|100%| O|  |TAMS 0x0000000081f00000, 0x0000000081e00000| Untracked 
|  31|0x0000000081f00000, 0x0000000082000000, 0x0000000082000000|100%| O|  |TAMS 0x0000000082000000, 0x0000000081f00000| Untracked 
|  32|0x0000000082000000, 0x0000000082100000, 0x0000000082100000|100%| O|  |TAMS 0x0000000082100000, 0x0000000082000000| Untracked 
|  33|0x0000000082100000, 0x0000000082200000, 0x0000000082200000|100%| O|  |TAMS 0x0000000082200000, 0x0000000082100000| Untracked 
|  34|0x0000000082200000, 0x0000000082300000, 0x0000000082300000|100%| O|  |TAMS 0x0000000082300000, 0x0000000082200000| Untracked 
|  35|0x0000000082300000, 0x0000000082400000, 0x0000000082400000|100%| O|  |TAMS 0x0000000082400000, 0x0000000082300000| Untracked 
|  36|0x0000000082400000, 0x0000000082500000, 0x0000000082500000|100%| O|  |TAMS 0x0000000082500000, 0x0000000082400000| Untracked 
|  37|0x0000000082500000, 0x0000000082600000, 0x0000000082600000|100%| O|  |TAMS 0x0000000082600000, 0x0000000082500000| Untracked 
|  38|0x0000000082600000, 0x0000000082700000, 0x0000000082700000|100%| O|  |TAMS 0x0000000082600000, 0x0000000082600000| Untracked 
|  39|0x0000000082700000, 0x0000000082768e00, 0x0000000082800000| 40%| O|  |TAMS 0x0000000082700000, 0x0000000082700000| Untracked 
|  40|0x0000000082800000, 0x0000000082900000, 0x0000000082900000|100%| O|  |TAMS 0x0000000082900000, 0x0000000082800000| Untracked 
|  41|0x0000000082900000, 0x0000000082a00000, 0x0000000082a00000|100%| O|  |TAMS 0x0000000082a00000, 0x0000000082900000| Untracked 
|  42|0x0000000082a00000, 0x0000000082b00000, 0x0000000082b00000|100%| O|  |TAMS 0x0000000082b00000, 0x0000000082a00000| Untracked 
|  43|0x0000000082b00000, 0x0000000082c00000, 0x0000000082c00000|100%| O|  |TAMS 0x0000000082b6c400, 0x0000000082b00000| Untracked 
|  44|0x0000000082c00000, 0x0000000082c00000, 0x0000000082d00000|  0%| F|  |TAMS 0x0000000082c00000, 0x0000000082c00000| Untracked 
|  45|0x0000000082d00000, 0x0000000082d00000, 0x0000000082e00000|  0%| F|  |TAMS 0x0000000082d00000, 0x0000000082d00000| Untracked 
|  46|0x0000000082e00000, 0x0000000082e00000, 0x0000000082f00000|  0%| F|  |TAMS 0x0000000082e00000, 0x0000000082e00000| Untracked 
|  47|0x0000000082f00000, 0x0000000082f00000, 0x0000000083000000|  0%| F|  |TAMS 0x0000000082f00000, 0x0000000082f00000| Untracked 
|  48|0x0000000083000000, 0x0000000083000000, 0x0000000083100000|  0%| F|  |TAMS 0x0000000083000000, 0x0000000083000000| Untracked 
|  49|0x0000000083100000, 0x0000000083100000, 0x0000000083200000|  0%| F|  |TAMS 0x0000000083100000, 0x0000000083100000| Untracked 
|  50|0x0000000083200000, 0x0000000083200000, 0x0000000083300000|  0%| F|  |TAMS 0x0000000083200000, 0x0000000083200000| Untracked 
|  51|0x0000000083300000, 0x0000000083300000, 0x0000000083400000|  0%| F|  |TAMS 0x0000000083300000, 0x0000000083300000| Untracked 
|  52|0x0000000083400000, 0x0000000083400000, 0x0000000083500000|  0%| F|  |TAMS 0x0000000083400000, 0x0000000083400000| Untracked 
|  53|0x0000000083500000, 0x0000000083500000, 0x0000000083600000|  0%| F|  |TAMS 0x0000000083500000, 0x0000000083500000| Untracked 
|  54|0x0000000083600000, 0x0000000083600000, 0x0000000083700000|  0%| F|  |TAMS 0x0000000083600000, 0x0000000083600000| Untracked 
|  55|0x0000000083700000, 0x0000000083700000, 0x0000000083800000|  0%| F|  |TAMS 0x0000000083700000, 0x0000000083700000| Untracked 
|  56|0x0000000083800000, 0x00000000838dd240, 0x0000000083900000| 86%| S|CS|TAMS 0x0000000083800000, 0x0000000083800000| Complete 
|  57|0x0000000083900000, 0x0000000083a00000, 0x0000000083a00000|100%| S|CS|TAMS 0x0000000083900000, 0x0000000083900000| Complete 
|  58|0x0000000083a00000, 0x0000000083a00000, 0x0000000083b00000|  0%| F|  |TAMS 0x0000000083a00000, 0x0000000083a00000| Untracked 
|  59|0x0000000083b00000, 0x0000000083b00000, 0x0000000083c00000|  0%| F|  |TAMS 0x0000000083b00000, 0x0000000083b00000| Untracked 
|  60|0x0000000083c00000, 0x0000000083d00000, 0x0000000083d00000|100%| S|CS|TAMS 0x0000000083c00000, 0x0000000083c00000| Complete 
|  61|0x0000000083d00000, 0x0000000083e00000, 0x0000000083e00000|100%| S|CS|TAMS 0x0000000083d00000, 0x0000000083d00000| Complete 
|  62|0x0000000083e00000, 0x0000000083e00000, 0x0000000083f00000|  0%| F|  |TAMS 0x0000000083e00000, 0x0000000083e00000| Untracked 
|  63|0x0000000083f00000, 0x0000000083f00000, 0x0000000084000000|  0%| F|  |TAMS 0x0000000083f00000, 0x0000000083f00000| Untracked 
|  64|0x0000000084000000, 0x0000000084000000, 0x0000000084100000|  0%| F|  |TAMS 0x0000000084000000, 0x0000000084000000| Untracked 
|  65|0x0000000084100000, 0x0000000084100000, 0x0000000084200000|  0%| F|  |TAMS 0x0000000084100000, 0x0000000084100000| Untracked 
|  66|0x0000000084200000, 0x0000000084200000, 0x0000000084300000|  0%| F|  |TAMS 0x0000000084200000, 0x0000000084200000| Untracked 
|  67|0x0000000084300000, 0x0000000084300000, 0x0000000084400000|  0%| F|  |TAMS 0x0000000084300000, 0x0000000084300000| Untracked 
|  68|0x0000000084400000, 0x0000000084400000, 0x0000000084500000|  0%| F|  |TAMS 0x0000000084400000, 0x0000000084400000| Untracked 
|  69|0x0000000084500000, 0x0000000084500000, 0x0000000084600000|  0%| F|  |TAMS 0x0000000084500000, 0x0000000084500000| Untracked 
|  70|0x0000000084600000, 0x0000000084600000, 0x0000000084700000|  0%| F|  |TAMS 0x0000000084600000, 0x0000000084600000| Untracked 
|  71|0x0000000084700000, 0x0000000084700000, 0x0000000084800000|  0%| F|  |TAMS 0x0000000084700000, 0x0000000084700000| Untracked 
|  72|0x0000000084800000, 0x00000000848cbd48, 0x0000000084900000| 79%| E|  |TAMS 0x0000000084800000, 0x0000000084800000| Complete 
|  73|0x0000000084900000, 0x0000000084a00000, 0x0000000084a00000|100%| E|CS|TAMS 0x0000000084900000, 0x0000000084900000| Complete 
|  74|0x0000000084a00000, 0x0000000084b00000, 0x0000000084b00000|100%| E|CS|TAMS 0x0000000084a00000, 0x0000000084a00000| Complete 
|  75|0x0000000084b00000, 0x0000000084c00000, 0x0000000084c00000|100%| E|CS|TAMS 0x0000000084b00000, 0x0000000084b00000| Complete 
|  76|0x0000000084c00000, 0x0000000084d00000, 0x0000000084d00000|100%| E|CS|TAMS 0x0000000084c00000, 0x0000000084c00000| Complete 
|  77|0x0000000084d00000, 0x0000000084e00000, 0x0000000084e00000|100%| E|CS|TAMS 0x0000000084d00000, 0x0000000084d00000| Complete 
|  78|0x0000000084e00000, 0x0000000084f00000, 0x0000000084f00000|100%| E|CS|TAMS 0x0000000084e00000, 0x0000000084e00000| Complete 
|  79|0x0000000084f00000, 0x0000000085000000, 0x0000000085000000|100%| E|CS|TAMS 0x0000000084f00000, 0x0000000084f00000| Complete 
|  80|0x0000000085000000, 0x0000000085100000, 0x0000000085100000|100%| E|CS|TAMS 0x0000000085000000, 0x0000000085000000| Complete 
|  81|0x0000000085100000, 0x0000000085200000, 0x0000000085200000|100%| E|  |TAMS 0x0000000085100000, 0x0000000085100000| Complete 
|  82|0x0000000085200000, 0x0000000085300000, 0x0000000085300000|100%| E|CS|TAMS 0x0000000085200000, 0x0000000085200000| Complete 
|  83|0x0000000085300000, 0x0000000085400000, 0x0000000085400000|100%| E|CS|TAMS 0x0000000085300000, 0x0000000085300000| Complete 
|  84|0x0000000085400000, 0x0000000085500000, 0x0000000085500000|100%| E|CS|TAMS 0x0000000085400000, 0x0000000085400000| Complete 
|  85|0x0000000085500000, 0x0000000085600000, 0x0000000085600000|100%| E|CS|TAMS 0x0000000085500000, 0x0000000085500000| Complete 
|  86|0x0000000085600000, 0x0000000085700000, 0x0000000085700000|100%| E|CS|TAMS 0x0000000085600000, 0x0000000085600000| Complete 
|  87|0x0000000085700000, 0x0000000085800000, 0x0000000085800000|100%| E|CS|TAMS 0x0000000085700000, 0x0000000085700000| Complete 
|  88|0x0000000085800000, 0x0000000085900000, 0x0000000085900000|100%| E|CS|TAMS 0x0000000085800000, 0x0000000085800000| Complete 
| 117|0x0000000087500000, 0x0000000087600000, 0x0000000087600000|100%| E|CS|TAMS 0x0000000087500000, 0x0000000087500000| Complete 

Card table byte_map: [0x0000022a19400000,0x0000022a19800000] _byte_map_base: 0x0000022a19000000

Marking Bits (Prev, Next): (CMBitMap*) 0x0000022a02038940, (CMBitMap*) 0x0000022a02038980
 Prev Bits: [0x0000022a19c00000, 0x0000022a1bc00000)
 Next Bits: [0x0000022a1bc00000, 0x0000022a1dc00000)

Polling page: 0x0000022a017a0000

Metaspace:

Usage:
  Non-class:     49.64 MB used.
      Class:      8.06 MB used.
       Both:     57.70 MB used.

Virtual space:
  Non-class space:       56.00 MB reserved,      50.06 MB ( 89%) committed,  7 nodes.
      Class space:      412.00 MB reserved,       8.38 MB (  2%) committed,  1 nodes.
             Both:      468.00 MB reserved,      58.44 MB ( 12%) committed. 

Chunk freelists:
   Non-Class:  1.36 MB
       Class:  3.45 MB
        Both:  4.81 MB

MaxMetaspaceSize: 512.00 MB
CompressedClassSpaceSize: 412.00 MB
Initial GC threshold: 21.00 MB
Current GC threshold: 96.81 MB
CDS: on
MetaspaceReclaimPolicy: balanced
 - commit_granule_bytes: 65536.
 - commit_granule_words: 8192.
 - virtual_space_node_default_size: 1048576.
 - enlarge_chunks_in_place: 1.
 - new_chunks_are_fully_committed: 0.
 - uncommit_free_chunks: 1.
 - use_allocation_guard: 0.
 - handle_deallocations: 1.


Internal statistics:

num_allocs_failed_limit: 6.
num_arena_births: 816.
num_arena_deaths: 0.
num_vsnodes_births: 8.
num_vsnodes_deaths: 0.
num_space_committed: 935.
num_space_uncommitted: 0.
num_chunks_returned_to_freelist: 6.
num_chunks_taken_from_freelist: 3164.
num_chunk_merges: 3.
num_chunk_splits: 2043.
num_chunks_enlarged: 1366.
num_purges: 0.
num_inconsistent_stats: 0.

CodeHeap 'non-profiled nmethods': size=120000Kb used=3315Kb max_used=3315Kb free=116684Kb
 bounds [0x0000022a11580000, 0x0000022a118c0000, 0x0000022a18ab0000]
CodeHeap 'profiled nmethods': size=120000Kb used=12087Kb max_used=12087Kb free=107912Kb
 bounds [0x0000022a0a050000, 0x0000022a0ac20000, 0x0000022a11580000]
CodeHeap 'non-nmethods': size=5760Kb used=2367Kb max_used=2425Kb free=3392Kb
 bounds [0x0000022a09ab0000, 0x0000022a09d20000, 0x0000022a0a050000]
 total_blobs=6990 nmethods=6096 adapters=806
 compilation: enabled
              stopped_count=0, restarted_count=0
 full_count=0

Compilation events (20 events):
Event: 16.569 Thread 0x0000022a23bc4f60 6829       4       org.gradle.internal.snapshot.ChildMap$Entry::handleAncestorDescendantOrExactMatch (110 bytes)
Event: 16.569 Thread 0x0000022a20842fa0 6830       1       com.google.common.collect.ImmutableSortedMap::access$200 (5 bytes)
Event: 16.570 Thread 0x0000022a20842fa0 nmethod 6830 0x0000022a118b6d90 code [0x0000022a118b6f20, 0x0000022a118b6fd8]
Event: 16.570 Thread 0x0000022a20842fa0 6831       1       com.google.common.collect.ImmutableSortedMap::access$300 (5 bytes)
Event: 16.570 Thread 0x0000022a20842fa0 nmethod 6831 0x0000022a118b7090 code [0x0000022a118b7220, 0x0000022a118b72d8]
Event: 16.574 Thread 0x0000022a20842fa0 6833       3       com.google.common.collect.ImmutableMapEntrySet::size (8 bytes)
Event: 16.574 Thread 0x0000022a20842fa0 nmethod 6833 0x0000022a0abe5910 code [0x0000022a0abe5ac0, 0x0000022a0abe5d58]
Event: 16.575 Thread 0x0000022a20842fa0 6834       1       java.nio.HeapByteBuffer::isReadOnly (2 bytes)
Event: 16.575 Thread 0x0000022a20842fa0 nmethod 6834 0x0000022a118b7390 code [0x0000022a118b7520, 0x0000022a118b75f8]
Event: 16.580 Thread 0x0000022a20842fa0 6837       3       java.util.function.Function::identity (6 bytes)
Event: 16.581 Thread 0x0000022a20842fa0 nmethod 6837 0x0000022a0abe5e10 code [0x0000022a0abe5fc0, 0x0000022a0abe6238]
Event: 16.583 Thread 0x0000022a20842fa0 6838       3       com.google.common.cache.LocalCache$LoadingValueReference::notifyNewValue (21 bytes)
Event: 16.584 Thread 0x0000022a20842fa0 nmethod 6838 0x0000022a0abe6310 code [0x0000022a0abe64e0, 0x0000022a0abe68a8]
Event: 16.584 Thread 0x0000022a20842fa0 6839       1       org.gradle.internal.execution.impl.DefaultOutputSnapshotter::access$000 (5 bytes)
Event: 16.584 Thread 0x0000022a20842fa0 nmethod 6839 0x0000022a118b7690 code [0x0000022a118b7820, 0x0000022a118b78d8]
Event: 16.584 Thread 0x0000022a20842fa0 6840       1       org.gradle.internal.execution.UnitOfWork$OutputFileValueSupplier::getFiles (5 bytes)
Event: 16.584 Thread 0x0000022a20842fa0 nmethod 6840 0x0000022a118b7990 code [0x0000022a118b7b20, 0x0000022a118b7bf8]
Event: 16.584 Thread 0x0000022a20842fa0 6841   !   3       com.google.common.cache.LocalCache$Segment::getAndRecordStats (134 bytes)
Event: 16.587 Thread 0x0000022a20842fa0 nmethod 6841 0x0000022a0abe6a10 code [0x0000022a0abe6da0, 0x0000022a0abe8208]
Event: 16.587 Thread 0x0000022a20842fa0 6842   !   3       com.google.common.cache.LocalCache$Segment::storeLoadedValue (371 bytes)

GC Heap History (20 events):
Event: 8.296 GC heap before
{Heap before GC invocations=7 (full 0):
 garbage-first heap   total 92160K, used 69872K [0x0000000080000000, 0x0000000100000000)
  region size 1024K, 47 young (48128K), 7 survivors (7168K)
 Metaspace       used 33984K, committed 34496K, reserved 454656K
  class space    used 4870K, committed 5120K, reserved 421888K
}
Event: 8.304 GC heap after
{Heap after GC invocations=8 (full 0):
 garbage-first heap   total 92160K, used 31909K [0x0000000080000000, 0x0000000100000000)
  region size 1024K, 4 young (4096K), 4 survivors (4096K)
 Metaspace       used 33984K, committed 34496K, reserved 454656K
  class space    used 4870K, committed 5120K, reserved 421888K
}
Event: 8.572 GC heap before
{Heap before GC invocations=8 (full 0):
 garbage-first heap   total 92160K, used 41125K [0x0000000080000000, 0x0000000100000000)
  region size 1024K, 15 young (15360K), 4 survivors (4096K)
 Metaspace       used 35667K, committed 36096K, reserved 454656K
  class space    used 5058K, committed 5312K, reserved 421888K
}
Event: 8.576 GC heap after
{Heap after GC invocations=9 (full 0):
 garbage-first heap   total 92160K, used 33287K [0x0000000080000000, 0x0000000100000000)
  region size 1024K, 5 young (5120K), 5 survivors (5120K)
 Metaspace       used 35667K, committed 36096K, reserved 454656K
  class space    used 5058K, committed 5312K, reserved 421888K
}
Event: 9.520 GC heap before
{Heap before GC invocations=10 (full 0):
 garbage-first heap   total 92160K, used 74247K [0x0000000080000000, 0x0000000100000000)
  region size 1024K, 41 young (41984K), 5 survivors (5120K)
 Metaspace       used 38072K, committed 38592K, reserved 462848K
  class space    used 5273K, committed 5504K, reserved 421888K
}
Event: 9.526 GC heap after
{Heap after GC invocations=11 (full 0):
 garbage-first heap   total 92160K, used 36554K [0x0000000080000000, 0x0000000100000000)
  region size 1024K, 5 young (5120K), 5 survivors (5120K)
 Metaspace       used 38072K, committed 38592K, reserved 462848K
  class space    used 5273K, committed 5504K, reserved 421888K
}
Event: 10.213 GC heap before
{Heap before GC invocations=11 (full 0):
 garbage-first heap   total 92160K, used 71370K [0x0000000080000000, 0x0000000100000000)
  region size 1024K, 39 young (39936K), 5 survivors (5120K)
 Metaspace       used 39810K, committed 40320K, reserved 462848K
  class space    used 5554K, committed 5824K, reserved 421888K
}
Event: 10.218 GC heap after
{Heap after GC invocations=12 (full 0):
 garbage-first heap   total 92160K, used 38459K [0x0000000080000000, 0x0000000100000000)
  region size 1024K, 2 young (2048K), 2 survivors (2048K)
 Metaspace       used 39810K, committed 40320K, reserved 462848K
  class space    used 5554K, committed 5824K, reserved 421888K
}
Event: 10.984 GC heap before
{Heap before GC invocations=12 (full 0):
 garbage-first heap   total 92160K, used 73275K [0x0000000080000000, 0x0000000100000000)
  region size 1024K, 36 young (36864K), 2 survivors (2048K)
 Metaspace       used 42637K, committed 43264K, reserved 462848K
  class space    used 5991K, committed 6272K, reserved 421888K
}
Event: 10.988 GC heap after
{Heap after GC invocations=13 (full 0):
 garbage-first heap   total 92160K, used 39521K [0x0000000080000000, 0x0000000100000000)
  region size 1024K, 3 young (3072K), 3 survivors (3072K)
 Metaspace       used 42637K, committed 43264K, reserved 462848K
  class space    used 5991K, committed 6272K, reserved 421888K
}
Event: 11.809 GC heap before
{Heap before GC invocations=13 (full 0):
 garbage-first heap   total 92160K, used 74337K [0x0000000080000000, 0x0000000100000000)
  region size 1024K, 37 young (37888K), 3 survivors (3072K)
 Metaspace       used 47177K, committed 47744K, reserved 462848K
  class space    used 6593K, committed 6848K, reserved 421888K
}
Event: 11.814 GC heap after
{Heap after GC invocations=14 (full 0):
 garbage-first heap   total 92160K, used 42289K [0x0000000080000000, 0x0000000100000000)
  region size 1024K, 5 young (5120K), 5 survivors (5120K)
 Metaspace       used 47177K, committed 47744K, reserved 462848K
  class space    used 6593K, committed 6848K, reserved 421888K
}
Event: 13.212 GC heap before
{Heap before GC invocations=14 (full 0):
 garbage-first heap   total 92160K, used 74033K [0x0000000080000000, 0x0000000100000000)
  region size 1024K, 35 young (35840K), 5 survivors (5120K)
 Metaspace       used 50664K, committed 51264K, reserved 471040K
  class space    used 7013K, committed 7296K, reserved 421888K
}
Event: 13.217 GC heap after
{Heap after GC invocations=15 (full 0):
 garbage-first heap   total 92160K, used 43786K [0x0000000080000000, 0x0000000100000000)
  region size 1024K, 2 young (2048K), 2 survivors (2048K)
 Metaspace       used 50664K, committed 51264K, reserved 471040K
  class space    used 7013K, committed 7296K, reserved 421888K
}
Event: 13.897 GC heap before
{Heap before GC invocations=15 (full 0):
 garbage-first heap   total 92160K, used 74506K [0x0000000080000000, 0x0000000100000000)
  region size 1024K, 32 young (32768K), 2 survivors (2048K)
 Metaspace       used 53899K, committed 54528K, reserved 471040K
  class space    used 7461K, committed 7808K, reserved 421888K
}
Event: 13.900 GC heap after
{Heap after GC invocations=16 (full 0):
 garbage-first heap   total 92160K, used 44357K [0x0000000080000000, 0x0000000100000000)
  region size 1024K, 3 young (3072K), 3 survivors (3072K)
 Metaspace       used 53899K, committed 54528K, reserved 471040K
  class space    used 7461K, committed 7808K, reserved 421888K
}
Event: 14.591 GC heap before
{Heap before GC invocations=17 (full 0):
 garbage-first heap   total 92160K, used 75077K [0x0000000080000000, 0x0000000100000000)
  region size 1024K, 33 young (33792K), 3 survivors (3072K)
 Metaspace       used 56666K, committed 57280K, reserved 479232K
  class space    used 7900K, committed 8192K, reserved 421888K
}
Event: 14.596 GC heap after
{Heap after GC invocations=18 (full 0):
 garbage-first heap   total 92160K, used 46511K [0x0000000080000000, 0x0000000100000000)
  region size 1024K, 5 young (5120K), 5 survivors (5120K)
 Metaspace       used 56666K, committed 57280K, reserved 479232K
  class space    used 7900K, committed 8192K, reserved 421888K
}
Event: 15.729 GC heap before
{Heap before GC invocations=18 (full 0):
 garbage-first heap   total 92160K, used 75183K [0x0000000080000000, 0x0000000100000000)
  region size 1024K, 33 young (33792K), 5 survivors (5120K)
 Metaspace       used 58685K, committed 59456K, reserved 479232K
  class space    used 8222K, committed 8576K, reserved 421888K
}
Event: 15.736 GC heap after
{Heap after GC invocations=19 (full 0):
 garbage-first heap   total 92160K, used 48177K [0x0000000080000000, 0x0000000100000000)
  region size 1024K, 4 young (4096K), 4 survivors (4096K)
 Metaspace       used 58685K, committed 59456K, reserved 479232K
  class space    used 8222K, committed 8576K, reserved 421888K
}

Deoptimization events (20 events):
Event: 15.769 Thread 0x0000022a22686f30 DEOPT PACKING pc=0x0000022a1186c044 sp=0x000000f317df5060
Event: 15.769 Thread 0x0000022a22686f30 DEOPT UNPACKING pc=0x0000022a09b023a3 sp=0x000000f317df5028 mode 2
Event: 15.823 Thread 0x0000022a22686f30 DEOPT PACKING pc=0x0000022a0a651d53 sp=0x000000f317df48b0
Event: 15.823 Thread 0x0000022a22686f30 DEOPT UNPACKING pc=0x0000022a09b02b43 sp=0x000000f317df3dc0 mode 0
Event: 16.114 Thread 0x0000022a22686f30 DEOPT PACKING pc=0x0000022a0a40274e sp=0x000000f317df4b60
Event: 16.114 Thread 0x0000022a22686f30 DEOPT UNPACKING pc=0x0000022a09b02b43 sp=0x000000f317df3fa8 mode 0
Event: 16.323 Thread 0x0000022a2775d6f0 DEOPT PACKING pc=0x0000022a0a50c4dc sp=0x000000f31acfdb00
Event: 16.323 Thread 0x0000022a2775d6f0 DEOPT UNPACKING pc=0x0000022a09b02b43 sp=0x000000f31acfd080 mode 0
Event: 16.407 Thread 0x0000022a22686f30 Uncommon trap: trap_request=0xffffff45 fr.pc=0x0000022a118a40f0 relative=0x00000000000002b0
Event: 16.407 Thread 0x0000022a22686f30 Uncommon trap: reason=unstable_if action=reinterpret pc=0x0000022a118a40f0 method=org.gradle.internal.snapshot.PathUtil.compareCharsIgnoringCase(CC)I @ 33 c2
Event: 16.407 Thread 0x0000022a22686f30 DEOPT PACKING pc=0x0000022a118a40f0 sp=0x000000f317df1280
Event: 16.407 Thread 0x0000022a22686f30 DEOPT UNPACKING pc=0x0000022a09b023a3 sp=0x000000f317df1210 mode 2
Event: 16.419 Thread 0x0000022a22686f30 Uncommon trap: trap_request=0xffffff45 fr.pc=0x0000022a115e6e54 relative=0x0000000000000154
Event: 16.419 Thread 0x0000022a22686f30 Uncommon trap: reason=unstable_if action=reinterpret pc=0x0000022a115e6e54 method=org.gradle.internal.snapshot.VfsRelativePath.isPrefix(Ljava/lang/String;ILjava/lang/String;ILorg/gradle/internal/snapshot/CaseSensitivity;)Z @ 101 c2
Event: 16.419 Thread 0x0000022a22686f30 DEOPT PACKING pc=0x0000022a115e6e54 sp=0x000000f317df16b0
Event: 16.419 Thread 0x0000022a22686f30 DEOPT UNPACKING pc=0x0000022a09b023a3 sp=0x000000f317df1638 mode 2
Event: 16.446 Thread 0x0000022a27760240 DEOPT PACKING pc=0x0000022a0a50c4dc sp=0x000000f31b5fd990
Event: 16.446 Thread 0x0000022a27760240 DEOPT UNPACKING pc=0x0000022a09b02b43 sp=0x000000f31b5fcf10 mode 0
Event: 16.582 Thread 0x0000022a22687400 DEOPT PACKING pc=0x0000022a0aa385f1 sp=0x000000f3181fe650
Event: 16.582 Thread 0x0000022a22687400 DEOPT UNPACKING pc=0x0000022a09b02b43 sp=0x000000f3181fdaf0 mode 0

Classes unloaded (0 events):
No events

Classes redefined (0 events):
No events

Internal exceptions (20 events):
Event: 14.580 Thread 0x0000022a22686f30 Exception <a 'java/lang/ClassNotFoundException'{0x0000000083c3b1a8}: org/gradle/api/internal/plugins/DefaultObjectConfigurationActionCustomizer> (0x0000000083c3b1a8) 
thrown [e:\jenkins\tmp\workspace\build\src\src\hotspot\share\classfile\systemDictionary.cpp, line 256]
Event: 14.651 Thread 0x0000022a22686f30 Exception <a 'java/lang/NoSuchMethodError'{0x00000000857c9d70}: 'long java.lang.invoke.DirectMethodHandle$Holder.invokeStatic(java.lang.Object, long)'> (0x00000000857c9d70) 
thrown [e:\jenkins\tmp\workspace\build\src\src\hotspot\share\interpreter\linkResolver.cpp, line 766]
Event: 14.760 Thread 0x0000022a22686f30 Exception <a 'java/lang/NoSuchMethodError'{0x00000000851dd778}: 'java.lang.Object java.lang.invoke.DirectMethodHandle$Holder.invokeInterface(java.lang.Object, java.lang.Object, int)'> (0x00000000851dd778) 
thrown [e:\jenkins\tmp\workspace\build\src\src\hotspot\share\interpreter\linkResolver.cpp, line 766]
Event: 14.791 Thread 0x0000022a22686f30 Exception <a 'java/lang/ClassNotFoundException'{0x0000000084f99910}: org/gradle/plugins/ide/eclipse/model/EclipseModel_DecoratedBeanInfo> (0x0000000084f99910) 
thrown [e:\jenkins\tmp\workspace\build\src\src\hotspot\share\classfile\systemDictionary.cpp, line 256]
Event: 14.792 Thread 0x0000022a22686f30 Exception <a 'java/lang/ClassNotFoundException'{0x0000000084fb3600}: org/gradle/plugins/ide/eclipse/model/EclipseModelBeanInfo> (0x0000000084fb3600) 
thrown [e:\jenkins\tmp\workspace\build\src\src\hotspot\share\classfile\systemDictionary.cpp, line 256]
Event: 14.793 Thread 0x0000022a22686f30 Exception <a 'java/lang/ClassNotFoundException'{0x0000000084fcd2e8}: org/gradle/plugins/ide/eclipse/model/EclipseModelCustomizer> (0x0000000084fcd2e8) 
thrown [e:\jenkins\tmp\workspace\build\src\src\hotspot\share\classfile\systemDictionary.cpp, line 256]
Event: 14.795 Thread 0x0000022a22686f30 Exception <a 'java/lang/ClassNotFoundException'{0x0000000084ffb938}: org/gradle/plugins/ide/eclipse/model/EclipseModel_DecoratedCustomizer> (0x0000000084ffb938) 
thrown [e:\jenkins\tmp\workspace\build\src\src\hotspot\share\classfile\systemDictionary.cpp, line 256]
Event: 14.802 Thread 0x0000022a22686f30 Exception <a 'java/lang/ClassNotFoundException'{0x0000000084e82bc0}: org/gradle/plugins/ide/eclipse/model/EclipseProject_DecoratedBeanInfo> (0x0000000084e82bc0) 
thrown [e:\jenkins\tmp\workspace\build\src\src\hotspot\share\classfile\systemDictionary.cpp, line 256]
Event: 14.804 Thread 0x0000022a22686f30 Exception <a 'java/lang/ClassNotFoundException'{0x0000000084e9c8e0}: org/gradle/plugins/ide/eclipse/model/EclipseProjectBeanInfo> (0x0000000084e9c8e0) 
thrown [e:\jenkins\tmp\workspace\build\src\src\hotspot\share\classfile\systemDictionary.cpp, line 256]
Event: 14.805 Thread 0x0000022a22686f30 Exception <a 'java/lang/ClassNotFoundException'{0x0000000084eb65c8}: org/gradle/plugins/ide/eclipse/model/EclipseProjectCustomizer> (0x0000000084eb65c8) 
thrown [e:\jenkins\tmp\workspace\build\src\src\hotspot\share\classfile\systemDictionary.cpp, line 256]
Event: 14.807 Thread 0x0000022a22686f30 Exception <a 'java/lang/ClassNotFoundException'{0x0000000084eebb50}: org/gradle/plugins/ide/eclipse/model/EclipseProject_DecoratedCustomizer> (0x0000000084eebb50) 
thrown [e:\jenkins\tmp\workspace\build\src\src\hotspot\share\classfile\systemDictionary.cpp, line 256]
Event: 14.847 Thread 0x0000022a22686a60 Exception <a 'java/lang/NoSuchMethodError'{0x0000000084c97ba8}: static Lorg/gradle/internal/build/event/types/DefaultProjectConfigurationDescriptor;.<clinit>()V> (0x0000000084c97ba8) 
thrown [e:\jenkins\tmp\workspace\build\src\src\hotspot\share\prims\jni.cpp, line 1107]
Event: 15.615 Thread 0x0000022a22686f30 Exception <a 'java/lang/NoSuchMethodError'{0x000000008427a158}: static Lorg/gradle/api/internal/catalog/DefaultVersionCatalog;.<clinit>()V> (0x000000008427a158) 
thrown [e:\jenkins\tmp\workspace\build\src\src\hotspot\share\prims\jni.cpp, line 1107]
Event: 15.622 Thread 0x0000022a22686f30 Exception <a 'java/lang/NoSuchMethodError'{0x00000000842d52c0}: static [Ljava/lang/Object;.<clinit>()V> (0x00000000842d52c0) 
thrown [e:\jenkins\tmp\workspace\build\src\src\hotspot\share\prims\jni.cpp, line 1107]
Event: 15.625 Thread 0x0000022a22686f30 Exception <a 'java/lang/NoSuchMethodError'{0x0000000084103788}: static Lorg/gradle/api/internal/catalog/DependencyModel;.<clinit>()V> (0x0000000084103788) 
thrown [e:\jenkins\tmp\workspace\build\src\src\hotspot\share\prims\jni.cpp, line 1107]
Event: 15.625 Thread 0x0000022a22686f30 Exception <a 'java/lang/NoSuchMethodError'{0x00000000841076d0}: static Lorg/gradle/api/internal/catalog/AbstractContextAwareModel;.<clinit>()V> (0x00000000841076d0) 
thrown [e:\jenkins\tmp\workspace\build\src\src\hotspot\share\prims\jni.cpp, line 1107]
Event: 15.627 Thread 0x0000022a22686f30 Exception <a 'java/lang/NoSuchMethodError'{0x0000000084124e90}: static Lorg/gradle/api/internal/artifacts/dependencies/AbstractVersionConstraint;.<clinit>()V> (0x0000000084124e90) 
thrown [e:\jenkins\tmp\workspace\build\src\src\hotspot\share\prims\jni.cpp, line 1107]
Event: 15.636 Thread 0x0000022a22686f30 Exception <a 'java/lang/NoSuchMethodError'{0x00000000841e0228}: static Lorg/gradle/api/internal/catalog/PluginModel;.<clinit>()V> (0x00000000841e0228) 
thrown [e:\jenkins\tmp\workspace\build\src\src\hotspot\share\prims\jni.cpp, line 1107]
Event: 15.637 Thread 0x0000022a22686f30 Exception <a 'java/lang/NoSuchMethodError'{0x00000000841fb4a0}: static Lorg/gradle/api/internal/catalog/VersionModel;.<clinit>()V> (0x00000000841fb4a0) 
thrown [e:\jenkins\tmp\workspace\build\src\src\hotspot\share\prims\jni.cpp, line 1107]
Event: 15.693 Thread 0x0000022a22686f30 Exception <a 'java/net/UnknownHostException'{0x00000000840d2330}> (0x00000000840d2330) 
thrown [e:\jenkins\tmp\workspace\build\src\src\hotspot\share\prims\jni.cpp, line 516]

VM Operations (20 events):
Event: 15.181 Executing VM operation: ICBufferFull
Event: 15.181 Executing VM operation: ICBufferFull done
Event: 15.729 Executing VM operation: G1CollectForAllocation
Event: 15.736 Executing VM operation: G1CollectForAllocation done
Event: 15.772 Executing VM operation: G1Concurrent
Event: 15.775 Executing VM operation: G1Concurrent done
Event: 15.793 Executing VM operation: G1Concurrent
Event: 15.794 Executing VM operation: G1Concurrent done
Event: 16.369 Executing VM operation: ICBufferFull
Event: 16.369 Executing VM operation: ICBufferFull done
Event: 16.408 Executing VM operation: ICBufferFull
Event: 16.411 Executing VM operation: ICBufferFull done
Event: 16.412 Executing VM operation: ICBufferFull
Event: 16.412 Executing VM operation: ICBufferFull done
Event: 16.441 Executing VM operation: ICBufferFull
Event: 16.447 Executing VM operation: ICBufferFull done
Event: 16.527 Executing VM operation: ICBufferFull
Event: 16.529 Executing VM operation: ICBufferFull done
Event: 16.587 Executing VM operation: ICBufferFull
Event: 16.587 Executing VM operation: ICBufferFull done

Events (20 events):
Event: 16.365 Thread 0x0000022a277628c0 Thread added: 0x0000022a277628c0
Event: 16.367 Thread 0x0000022a2775ea30 Thread added: 0x0000022a2775ea30
Event: 16.369 Thread 0x0000022a2775ef00 Thread added: 0x0000022a2775ef00
Event: 16.372 Thread 0x0000022a27760240 Thread added: 0x0000022a27760240
Event: 16.374 Thread 0x0000022a2775f8a0 Thread added: 0x0000022a2775f8a0
Event: 16.376 Thread 0x0000022a27760710 Thread added: 0x0000022a27760710
Event: 16.378 Thread 0x0000022a27760be0 Thread added: 0x0000022a27760be0
Event: 16.394 Thread 0x0000022a2775f3d0 Thread added: 0x0000022a2775f3d0
Event: 16.400 Thread 0x0000022a2775c3b0 Thread added: 0x0000022a2775c3b0
Event: 16.495 Thread 0x0000022a277610b0 Thread added: 0x0000022a277610b0
Event: 16.496 Thread 0x0000022a27761580 Thread added: 0x0000022a27761580
Event: 16.497 Thread 0x0000022a27761a50 Thread added: 0x0000022a27761a50
Event: 16.497 Thread 0x0000022a27761f20 Thread added: 0x0000022a27761f20
Event: 16.498 Thread 0x0000022a27762d90 Thread added: 0x0000022a27762d90
Event: 16.499 Thread 0x0000022a2775bee0 Thread added: 0x0000022a2775bee0
Event: 16.500 Thread 0x0000022a27763260 Thread added: 0x0000022a27763260
Event: 16.501 Thread 0x0000022a2775c880 Thread added: 0x0000022a2775c880
Event: 16.502 Thread 0x0000022a2775ba10 Thread added: 0x0000022a2775ba10
Event: 16.503 Thread 0x0000022a225ea430 Thread added: 0x0000022a225ea430
Event: 16.503 Thread 0x0000022a225ed450 Thread added: 0x0000022a225ed450


Dynamic libraries:
0x00007ff652eb0000 - 0x00007ff652ebe000 	C:\Users\hp\AppData\Local\Programs\Eclipse Adoptium\jdk-17.0.3.7-hotspot\bin\java.exe
0x00007fff66a10000 - 0x00007fff66c27000 	C:\WINDOWS\SYSTEM32\ntdll.dll
0x00007fff65e60000 - 0x00007fff65f24000 	C:\WINDOWS\System32\KERNEL32.DLL
0x00007fff640f0000 - 0x00007fff644c3000 	C:\WINDOWS\System32\KERNELBASE.dll
0x00007fff644d0000 - 0x00007fff645e1000 	C:\WINDOWS\System32\ucrtbase.dll
0x00007fff2e780000 - 0x00007fff2e799000 	C:\Users\hp\AppData\Local\Programs\Eclipse Adoptium\jdk-17.0.3.7-hotspot\bin\VCRUNTIME140.dll
0x00007fff2e760000 - 0x00007fff2e778000 	C:\Users\hp\AppData\Local\Programs\Eclipse Adoptium\jdk-17.0.3.7-hotspot\bin\jli.dll
0x00007fff662f0000 - 0x00007fff664a1000 	C:\WINDOWS\System32\USER32.dll
0x00007fff63ba0000 - 0x00007fff63bc6000 	C:\WINDOWS\System32\win32u.dll
0x00007fff4c3a0000 - 0x00007fff4c638000 	C:\WINDOWS\WinSxS\amd64_microsoft.windows.common-controls_6595b64144ccf1df_6.0.22621.5124_none_270e8f4f7386d69d\COMCTL32.dll
0x00007fff66550000 - 0x00007fff66579000 	C:\WINDOWS\System32\GDI32.dll
0x00007fff66240000 - 0x00007fff662e7000 	C:\WINDOWS\System32\msvcrt.dll
0x00007fff63fd0000 - 0x00007fff640eb000 	C:\WINDOWS\System32\gdi32full.dll
0x00007fff63f30000 - 0x00007fff63fca000 	C:\WINDOWS\System32\msvcp_win.dll
0x00007fff65950000 - 0x00007fff65981000 	C:\WINDOWS\System32\IMM32.DLL
0x00007fff5f040000 - 0x00007fff5f04c000 	C:\Users\hp\AppData\Local\Programs\Eclipse Adoptium\jdk-17.0.3.7-hotspot\bin\vcruntime140_1.dll
0x00007fff2da60000 - 0x00007fff2daf1000 	C:\Users\hp\AppData\Local\Programs\Eclipse Adoptium\jdk-17.0.3.7-hotspot\bin\msvcp140.dll
0x00007ffec54b0000 - 0x00007ffec60f8000 	C:\Users\hp\AppData\Local\Programs\Eclipse Adoptium\jdk-17.0.3.7-hotspot\bin\server\jvm.dll
0x00007fff646b0000 - 0x00007fff64761000 	C:\WINDOWS\System32\ADVAPI32.dll
0x00007fff658a0000 - 0x00007fff65948000 	C:\WINDOWS\System32\sechost.dll
0x00007fff63dc0000 - 0x00007fff63de8000 	C:\WINDOWS\System32\bcrypt.dll
0x00007fff66120000 - 0x00007fff66234000 	C:\WINDOWS\System32\RPCRT4.dll
0x00007fff669c0000 - 0x00007fff669c8000 	C:\WINDOWS\System32\PSAPI.DLL
0x00007fff5e570000 - 0x00007fff5e5a4000 	C:\WINDOWS\SYSTEM32\WINMM.dll
0x00007fff38950000 - 0x00007fff38959000 	C:\WINDOWS\SYSTEM32\WSOCK32.dll
0x00007fff5e040000 - 0x00007fff5e04a000 	C:\WINDOWS\SYSTEM32\VERSION.dll
0x00007fff64820000 - 0x00007fff64891000 	C:\WINDOWS\System32\WS2_32.dll
0x00007fff62b50000 - 0x00007fff62b68000 	C:\WINDOWS\SYSTEM32\kernel.appcore.dll
0x00007fff466b0000 - 0x00007fff466ba000 	C:\Users\hp\AppData\Local\Programs\Eclipse Adoptium\jdk-17.0.3.7-hotspot\bin\jimage.dll
0x00007fff5b0d0000 - 0x00007fff5b302000 	C:\WINDOWS\SYSTEM32\DBGHELP.DLL
0x00007fff648a0000 - 0x00007fff64c32000 	C:\WINDOWS\System32\combase.dll
0x00007fff66040000 - 0x00007fff66117000 	C:\WINDOWS\System32\OLEAUT32.dll
0x00007fff43390000 - 0x00007fff433c2000 	C:\WINDOWS\SYSTEM32\dbgcore.DLL
0x00007fff63d40000 - 0x00007fff63dbb000 	C:\WINDOWS\System32\bcryptPrimitives.dll
0x00007fff45da0000 - 0x00007fff45dae000 	C:\Users\hp\AppData\Local\Programs\Eclipse Adoptium\jdk-17.0.3.7-hotspot\bin\instrument.dll
0x00007fff2e730000 - 0x00007fff2e755000 	C:\Users\hp\AppData\Local\Programs\Eclipse Adoptium\jdk-17.0.3.7-hotspot\bin\java.dll
0x00007ffefae70000 - 0x00007ffefaf46000 	C:\Users\hp\AppData\Local\Programs\Eclipse Adoptium\jdk-17.0.3.7-hotspot\bin\jsvml.dll
0x00007fff64cc0000 - 0x00007fff65556000 	C:\WINDOWS\System32\SHELL32.dll
0x00007fff63df0000 - 0x00007fff63f2f000 	C:\WINDOWS\System32\wintypes.dll
0x00007fff61a40000 - 0x00007fff6235a000 	C:\WINDOWS\SYSTEM32\windows.storage.dll
0x00007fff66890000 - 0x00007fff6699a000 	C:\WINDOWS\System32\SHCORE.dll
0x00007fff657c0000 - 0x00007fff65823000 	C:\WINDOWS\System32\shlwapi.dll
0x00007fff63a50000 - 0x00007fff63a7b000 	C:\WINDOWS\SYSTEM32\profapi.dll
0x00007fff2e710000 - 0x00007fff2e728000 	C:\Users\hp\AppData\Local\Programs\Eclipse Adoptium\jdk-17.0.3.7-hotspot\bin\zip.dll
0x00007fff2e6f0000 - 0x00007fff2e709000 	C:\Users\hp\AppData\Local\Programs\Eclipse Adoptium\jdk-17.0.3.7-hotspot\bin\net.dll
0x00007fff5f9a0000 - 0x00007fff5facc000 	C:\WINDOWS\SYSTEM32\WINHTTP.dll
0x00007fff62fd0000 - 0x00007fff6303a000 	C:\WINDOWS\system32\mswsock.dll
0x00007fff2e270000 - 0x00007fff2e285000 	C:\Users\hp\AppData\Local\Programs\Eclipse Adoptium\jdk-17.0.3.7-hotspot\bin\nio.dll
0x00007fff30d50000 - 0x00007fff30d60000 	C:\Users\hp\AppData\Local\Programs\Eclipse Adoptium\jdk-17.0.3.7-hotspot\bin\verify.dll
0x00007fff2dbb0000 - 0x00007fff2dbd7000 	C:\Users\hp\.gradle\native\c067742578af261105cb4f569cf0c3c89f3d7b1fecec35dd04571415982c5e48\windows-amd64\native-platform.dll
0x00007ffef20e0000 - 0x00007ffef2224000 	C:\Users\hp\.gradle\native\100fb08df4bc3b14c8652ba06237920a3bd2aa13389f12d3474272988ae205f9\windows-amd64\native-platform-file-events.dll
0x00007fff2e370000 - 0x00007fff2e379000 	C:\Users\hp\AppData\Local\Programs\Eclipse Adoptium\jdk-17.0.3.7-hotspot\bin\management.dll
0x00007fff2dc80000 - 0x00007fff2dc8b000 	C:\Users\hp\AppData\Local\Programs\Eclipse Adoptium\jdk-17.0.3.7-hotspot\bin\management_ext.dll
0x00007fff63230000 - 0x00007fff6324b000 	C:\WINDOWS\SYSTEM32\CRYPTSP.dll
0x00007fff62ab0000 - 0x00007fff62ae7000 	C:\WINDOWS\system32\rsaenh.dll
0x00007fff630c0000 - 0x00007fff630e8000 	C:\WINDOWS\SYSTEM32\USERENV.dll
0x00007fff63220000 - 0x00007fff6322c000 	C:\WINDOWS\SYSTEM32\CRYPTBASE.dll
0x00007fff625c0000 - 0x00007fff625ed000 	C:\WINDOWS\SYSTEM32\IPHLPAPI.DLL
0x00007fff655f0000 - 0x00007fff655f9000 	C:\WINDOWS\System32\NSI.dll
0x00007fff5f760000 - 0x00007fff5f779000 	C:\WINDOWS\SYSTEM32\dhcpcsvc6.DLL
0x00007fff5f740000 - 0x00007fff5f75f000 	C:\WINDOWS\SYSTEM32\dhcpcsvc.DLL
0x00007fff62630000 - 0x00007fff62732000 	C:\WINDOWS\SYSTEM32\DNSAPI.dll
0x00007fff2dc70000 - 0x00007fff2dc7e000 	C:\Users\hp\AppData\Local\Programs\Eclipse Adoptium\jdk-17.0.3.7-hotspot\bin\sunmscapi.dll
0x00007fff63bd0000 - 0x00007fff63d37000 	C:\WINDOWS\System32\CRYPT32.dll
0x00007fff633c0000 - 0x00007fff633ed000 	C:\WINDOWS\SYSTEM32\ncrypt.dll
0x00007fff63380000 - 0x00007fff633b7000 	C:\WINDOWS\SYSTEM32\NTASN1.dll
0x00007fff5de10000 - 0x00007fff5de18000 	C:\WINDOWS\system32\wshunix.dll
0x00007fff5efa0000 - 0x00007fff5efaa000 	C:\Windows\System32\rasadhlp.dll

dbghelp: loaded successfully - version: 4.0.5 - missing functions: none
symbol engine: initialized successfully - sym options: 0x614 - pdb path: .;C:\Users\hp\AppData\Local\Programs\Eclipse Adoptium\jdk-17.0.3.7-hotspot\bin;C:\WINDOWS\SYSTEM32;C:\WINDOWS\WinSxS\amd64_microsoft.windows.common-controls_6595b64144ccf1df_6.0.22621.5124_none_270e8f4f7386d69d;C:\Users\hp\AppData\Local\Programs\Eclipse Adoptium\jdk-17.0.3.7-hotspot\bin\server;C:\Users\hp\.gradle\native\c067742578af261105cb4f569cf0c3c89f3d7b1fecec35dd04571415982c5e48\windows-amd64;C:\Users\hp\.gradle\native\100fb08df4bc3b14c8652ba06237920a3bd2aa13389f12d3474272988ae205f9\windows-amd64

VM Arguments:
jvm_args: -XX:MaxMetaspaceSize=512m --add-opens=java.base/java.util=ALL-UNNAMED --add-opens=java.base/java.lang=ALL-UNNAMED --add-opens=java.base/java.lang.invoke=ALL-UNNAMED --add-opens=java.prefs/java.util.prefs=ALL-UNNAMED --add-exports=jdk.compiler/com.sun.tools.javac.api=ALL-UNNAMED --add-exports=jdk.compiler/com.sun.tools.javac.util=ALL-UNNAMED --add-opens=java.base/java.nio.charset=ALL-UNNAMED --add-opens=java.base/java.net=ALL-UNNAMED --add-opens=java.base/java.util.concurrent.atomic=ALL-UNNAMED -Xmx2048m -Dfile.encoding=utf8 -Duser.country=IN -Duser.language=en -Duser.variant -javaagent:C:\Users\hp\.gradle\wrapper\dists\gradle-8.10.2-all\7iv73wktx1xtkvlq19urqw1wm\gradle-8.10.2\lib\agents\gradle-instrumentation-agent-8.10.2.jar 
java_command: org.gradle.launcher.daemon.bootstrap.GradleDaemon 8.10.2
java_class_path (initial): C:\Users\hp\.gradle\wrapper\dists\gradle-8.10.2-all\7iv73wktx1xtkvlq19urqw1wm\gradle-8.10.2\lib\gradle-daemon-main-8.10.2.jar
Launcher Type: SUN_STANDARD

[Global flags]
     intx CICompilerCount                          = 4                                         {product} {ergonomic}
   size_t CompressedClassSpaceSize                 = 432013312                                 {product} {ergonomic}
     uint ConcGCThreads                            = 3                                         {product} {ergonomic}
     uint G1ConcRefinementThreads                  = 10                                        {product} {ergonomic}
   size_t G1HeapRegionSize                         = 1048576                                   {product} {ergonomic}
    uintx GCDrainStackTargetSize                   = 64                                        {product} {ergonomic}
   size_t InitialHeapSize                          = 123731968                                 {product} {ergonomic}
   size_t MarkStackSize                            = 4194304                                   {product} {ergonomic}
   size_t MaxHeapSize                              = 2147483648                                {product} {command line}
   size_t MaxMetaspaceSize                         = 536870912                                 {product} {command line}
   size_t MaxNewSize                               = 1287651328                                {product} {ergonomic}
   size_t MinHeapDeltaBytes                        = 1048576                                   {product} {ergonomic}
   size_t MinHeapSize                              = 8388608                                   {product} {ergonomic}
    uintx NonNMethodCodeHeapSize                   = 5839372                                {pd product} {ergonomic}
    uintx NonProfiledCodeHeapSize                  = 122909434                              {pd product} {ergonomic}
    uintx ProfiledCodeHeapSize                     = 122909434                              {pd product} {ergonomic}
    uintx ReservedCodeCacheSize                    = 251658240                              {pd product} {ergonomic}
     bool SegmentedCodeCache                       = true                                      {product} {ergonomic}
   size_t SoftMaxHeapSize                          = 2147483648                             {manageable} {ergonomic}
     bool UseCompressedClassPointers               = true                           {product lp64_product} {ergonomic}
     bool UseCompressedOops                        = true                           {product lp64_product} {ergonomic}
     bool UseG1GC                                  = true                                      {product} {ergonomic}
     bool UseLargePagesIndividualAllocation        = false                                  {pd product} {ergonomic}

Logging:
Log output configuration:
 #0: stdout all=warning uptime,level,tags
 #1: stderr all=off uptime,level,tags

Environment Variables:
JAVA_HOME=C:\Program Files\Java\jdk-18.0.1.1
PATH=C:\Python312\Scripts\;C:\Python312\;D:\orcalsql\app\oracle\product\10.2.0\server\bin;C:\Python311\Scripts\;C:\Python311\;C:\Program Files\Common Files\Oracle\Java\javapath;C:\Program Files (x86)\Common Files\Oracle\Java\javapath;C:\windows\system32;C:\windows;C:\windows\System32\Wbem;C:\windows\System32\WindowsPowerShell\v1.0\;C:\windows\System32\OpenSSH\;C:\Program Files (x86)\NVIDIA Corporation\PhysX\Common;C:\Program Files\NVIDIA Corporation\NVIDIA NvDLISR;C:\MinGW;C:\Program Files\Java\jdk-18.0.1.1\bin;C:\Program Files\Microsoft SQL Server\Client SDK\ODBC\170\Tools\Binn\;C:\Program Files (x86)\Microsoft SQL Server\150\Tools\Binn\;C:\Program Files\Microsoft SQL Server\150\Tools\Binn\;C:\Program Files\Microsoft SQL Server\150\DTS\Binn\;C:\ProgramData\chocolatey\bin;C:\WINDOWS\system32;C:\WINDOWS;C:\WINDOWS\System32\Wbem;C:\WINDOWS\System32\WindowsPowerShell\v1.0\;C:\WINDOWS\System32\OpenSSH\;C:\Users\hp\AppData\Roaming\npm\node_modules\yarn\bin;C:\Program Files\Git\cmd;C:\Program Files\MySQL\MySQL Server 8.0\bin;C:\Program Files\dotnet\;C:\Program Files\Java\jdk-18.0.1.1\bin;C:\xampp\php;C:\ProgramData\ComposerSetup\bin;C:\src\flutter\flutter\bin;C:\Program Files\Git\bin;C:\Program Files\Git\cmd;C:\Windows\System32\OpenSSH;C:\Program Files\MongoDB\mongos\bin;C:\Program Files\HP\HP One Agent;C:\Program Files\nodejs\;c:\Users\hp\AppData\Local\Programs\cursor\resources\app\bin;C:\Users\hp\.console-ninja\.bin;C:\Users\hp\AppData\Local\Programs\Python\Python310\Scripts\;C:\Users\hp\AppData\Local\Programs\Python\Python310\;C:\Users\hp\AppData\Local\Programs\Eclipse Adoptium\jdk-17.0.3.7-hotspot\bin;C:\Users\hp\AppData\Local\Microsoft\WindowsApps;C:\MinGW\bin;C:\Users\hp\AppData\Local\Programs\Microsoft VS Code\bin;C:\Program Files\Java\jdk-18.0.1.1\bin;C:\Program Files\JetBrains\PyCharm Community Edition 2022.1.2\bin;C:\Program Files\JetBrains\IntelliJ IDEA Community Edition 2022.3.1\bin;C:\Users\hp\AppData\Local\Programs\Python\Python310\Scripts;C:\Users\hp\AppData\L
USERNAME=hp
LANG=en_US.UTF-8
OS=Windows_NT
PROCESSOR_IDENTIFIER=AMD64 Family 25 Model 80 Stepping 0, AuthenticAMD



---------------  S Y S T E M  ---------------

OS:
 Windows 11 , 64 bit Build 22621 (10.0.22621.5124)
OS uptime: 0 days 0:52 hours

CPU: total 12 (initial active 12) (12 cores per cpu, 2 threads per core) family 25 model 80 stepping 0 microcode 0x0, cx8, cmov, fxsr, ht, mmx, 3dnowpref, sse, sse2, sse3, ssse3, sse4a, sse4.1, sse4.2, popcnt, lzcnt, tsc, tscinvbit, avx, avx2, aes, erms, clmul, bmi1, bmi2, adx, sha, fma, vzeroupper, clflush, clflushopt

Memory: 4k page, system-wide physical 7521M (342M free)
TotalPageFile size 20995M (AvailPageFile size 0M)
current process WorkingSet (physical memory assigned to process): 283M, peak: 288M
current process commit charge ("private bytes"): 328M, peak: 333M

vm_info: OpenJDK 64-Bit Server VM (17.0.3+7) for windows-amd64 JRE (17.0.3+7), built on Apr 19 2022 16:55:35 by "" with MS VC++ 16.7 (VS2019)

END.
